0 info it worked if it ends with ok
1 verbose cli [ '/home/angel/.nvm/versions/node/v6.8.0/bin/node',
1 verbose cli   '/home/angel/.nvm/versions/node/v6.8.0/bin/npm',
1 verbose cli   'run',
1 verbose cli   'dev' ]
2 info using npm@3.10.8
3 info using node@v6.8.0
4 verbose run-script [ 'predev', 'dev', 'postdev' ]
5 info lifecycle graphqlserver@1.0.0~predev: graphqlserver@1.0.0
6 silly lifecycle graphqlserver@1.0.0~predev: no script for predev, continuing
7 info lifecycle graphqlserver@1.0.0~dev: graphqlserver@1.0.0
8 verbose lifecycle graphqlserver@1.0.0~dev: unsafe-perm in lifecycle true
9 verbose lifecycle graphqlserver@1.0.0~dev: PATH: /home/angel/.nvm/versions/node/v6.8.0/lib/node_modules/npm/bin/node-gyp-bin:/home/angel/graphqlProjects/graphqlserver/node_modules/.bin:/home/angel/.nvm/versions/node/v6.8.0/bin:/usr/local/sbin:/usr/local/bin:/usr/sbin:/usr/bin:/sbin:/bin:/usr/games:/usr/local/games:/snap/bin:/usr/lib/jvm/java-8-oracle/bin:/usr/lib/jvm/java-8-oracle/db/bin:/usr/lib/jvm/java-8-oracle/jre/bin:/home/user_directory/Android/Sdk/tools:/home/user_directory/Android/Sdk/platform-tools
10 verbose lifecycle graphqlserver@1.0.0~dev: CWD: /home/angel/graphqlProjects/graphqlserver
11 silly lifecycle graphqlserver@1.0.0~dev: Args: [ '-c', 'babel-node src/index.js' ]
12 silly lifecycle graphqlserver@1.0.0~dev: Returned: code: 1  signal: null
13 info lifecycle graphqlserver@1.0.0~dev: Failed to exec dev script
14 verbose stack Error: graphqlserver@1.0.0 dev: `babel-node src/index.js`
14 verbose stack Exit status 1
14 verbose stack     at EventEmitter.<anonymous> (/home/angel/.nvm/versions/node/v6.8.0/lib/node_modules/npm/lib/utils/lifecycle.js:255:16)
14 verbose stack     at emitTwo (events.js:106:13)
14 verbose stack     at EventEmitter.emit (events.js:191:7)
14 verbose stack     at ChildProcess.<anonymous> (/home/angel/.nvm/versions/node/v6.8.0/lib/node_modules/npm/lib/utils/spawn.js:40:14)
14 verbose stack     at emitTwo (events.js:106:13)
14 verbose stack     at ChildProcess.emit (events.js:191:7)
14 verbose stack     at maybeClose (internal/child_process.js:877:16)
14 verbose stack     at Process.ChildProcess._handle.onexit (internal/child_process.js:226:5)
15 verbose pkgid graphqlserver@1.0.0
16 verbose cwd /home/angel/graphqlProjects/graphqlserver
17 error Linux 4.18.0-20-generic
18 error argv "/home/angel/.nvm/versions/node/v6.8.0/bin/node" "/home/angel/.nvm/versions/node/v6.8.0/bin/npm" "run" "dev"
19 error node v6.8.0
20 error npm  v3.10.8
21 error code ELIFECYCLE
22 error graphqlserver@1.0.0 dev: `babel-node src/index.js`
22 error Exit status 1
23 error Failed at the graphqlserver@1.0.0 dev script 'babel-node src/index.js'.
23 error Make sure you have the latest version of node.js and npm installed.
23 error If you do, this is most likely a problem with the graphqlserver package,
23 error not with npm itself.
23 error Tell the author that this fails on your system:
23 error     babel-node src/index.js
23 error You can get information on how to open an issue for this project with:
23 error     npm bugs graphqlserver
23 error Or if that isn't available, you can get their info via:
23 error     npm owner ls graphqlserver
23 error There is likely additional logging output above.
24 verbose exit [ 1, true ]
